AndroidPlatformFactory.RegisterBuildPlatforms: UnrealBuildTool.AndroidPlatformSDK has no valid SDK
IOSPlatformFactory.RegisterBuildPlatforms: UnrealBuildTool.IOSPlatformSDK using manually installed SDK
LinuxPlatformFactory.RegisterBuildPlatforms: UnrealBuildTool.LinuxPlatformSDK has no valid SDK
WindowsPlatformFactory.RegisterBuildPlatforms: UnrealBuildTool.WindowsPlatformSDK using manually installed SDK
ProjectFileGenerator.GenerateProjectFiles: Discovering modules, targets and source code for project...
WindowsPlatform.FindVisualStudioInstallations: Found Visual Studio installation: C:\Program Files (x86)\Microsoft Visual Studio\2019\Community (Product=Microsoft.VisualStudio.Product.Community, Version=16.3.29326.143)
WindowsPlatform.FindVisualStudioToolChains: Found Visual Studio toolchain: C:\Program Files (x86)\Microsoft Visual Studio\2019\Community\VC\Tools\MSVC\14.23.28105 (Version=14.23.28105)
UnrealBuildTool.Main: ERROR: The Visual C++ 14.23 toolchain is known to have code-generation issues with UE4. Please install an earlier or later toolchain from the Visual Studio installer. See here for more information: https://developercommunity.visualstudio.com/content/problem/734585/msvc-142328019-compilation-bug.html
UnrealBuildTool.Main: BuildException: The Visual C++ 14.23 toolchain is known to have code-generation issues with UE4. Please install an earlier or later toolchain from the Visual Studio installer. See here for more information: https://developercommunity.visualstudio.com/content/problem/734585/msvc-142328019-compilation-bug.html
UnrealBuildTool.Main:    at UnrealBuildTool.WindowsPlatform.TryGetToolChainDir(WindowsCompiler Compiler, String CompilerVersion, VersionNumber& OutToolChainVersion, DirectoryReference& OutToolChainDir) in D:\Build\++UE4\Sync\Engine\Source\Programs\UnrealBuildTool\Platform\Windows\UEBuildWindows.cs:line 1421
UnrealBuildTool.Main:    at UnrealBuildTool.VCEnvironment.Create(WindowsCompiler Compiler, UnrealTargetPlatform Platform, WindowsArchitecture Architecture, String CompilerVersion, String WindowsSdkVersion, String SuppliedSdkDirectoryForVersion) in D:\Build\++UE4\Sync\Engine\Source\Programs\UnrealBuildTool\Platform\Windows\VCEnvironment.cs:line 489
UnrealBuildTool.Main:    at UnrealBuildTool.WindowsPlatform.CreateVCEnvironment(TargetRules Target) in D:\Build\++UE4\Sync\Engine\Source\Programs\UnrealBuildTool\Platform\Windows\UEBuildWindows.cs:line 770
UnrealBuildTool.Main:    at UnrealBuildTool.WindowsPlatform.ValidateTarget(TargetRules Target) in D:\Build\++UE4\Sync\Engine\Source\Programs\UnrealBuildTool\Platform\Windows\UEBuildWindows.cs:line 852
UnrealBuildTool.Main:    at UnrealBuildTool.RulesAssembly.CreateTargetRulesInstance(String TypeName, TargetInfo TargetInfo) in D:\Build\++UE4\Sync\Engine\Source\Programs\UnrealBuildTool\System\RulesAssembly.cs:line 599
UnrealBuildTool.Main:    at UnrealBuildTool.RulesAssembly.CreateTargetRules(String TargetName, UnrealTargetPlatform Platform, UnrealTargetConfiguration Configuration, String Architecture, FileReference ProjectFile, CommandLineArguments Arguments) in D:\Build\++UE4\Sync\Engine\Source\Programs\UnrealBuildTool\System\RulesAssembly.cs:line 659
UnrealBuildTool.Main:    at UnrealBuildTool.ProjectFileGenerator.AddProjectsForAllTargets(PlatformProjectGeneratorCollection PlatformProjectGenerators, List`1 AllGames, List`1 AllTargetFiles, String[] Arguments, ProjectFile& EngineProject, ProjectFile& EnterpriseProject, List`1& GameProjects, Dictionary`2& ProgramProjects) in D:\Build\++UE4\Sync\Engine\Source\Programs\UnrealBuildTool\ProjectFiles\ProjectFileGenerator.cs:line 2318
UnrealBuildTool.Main:    at UnrealBuildTool.ProjectFileGenerator.GenerateProjectFiles(PlatformProjectGeneratorCollection PlatformProjectGenerators, String[] Arguments) in D:\Build\++UE4\Sync\Engine\Source\Programs\UnrealBuildTool\ProjectFiles\ProjectFileGenerator.cs:line 753
UnrealBuildTool.Main:    at UnrealBuildTool.GenerateProjectFilesMode.Execute(CommandLineArguments Arguments) in D:\Build\++UE4\Sync\Engine\Source\Programs\UnrealBuildTool\Modes\GenerateProjectFilesMode.cs:line 204
UnrealBuildTool.Main:    at UnrealBuildTool.UnrealBuildTool.Main(String[] ArgumentsArray) in D:\Build\++UE4\Sync\Engine\Source\Programs\UnrealBuildTool\UnrealBuildTool.cs:line 550
Timeline.Print: Timeline:
Timeline.Print: 
Timeline.Print: [ 0.000]
Timeline.Print: [ 0.000](+0.044) <unknown>
Timeline.Print: [ 0.044](+0.104) XmlConfig.ReadConfigFiles()
Timeline.Print: [ 0.149](+0.000) SingleInstanceMutex.Acquire()
Timeline.Print: [ 0.149](+0.083) UEBuildPlatform.RegisterPlatforms()
Timeline.Print:   0.150          [ 0.001](+0.044) Initializing InstalledPlatformInfo
Timeline.Print:   0.194          [ 0.045](+0.000) Querying types
Timeline.Print:   0.196          [ 0.047](+0.001) MacPlatformFactory
Timeline.Print:   0.198          [ 0.049](+0.000) TVOSPlatformFactory
Timeline.Print:   0.199          [ 0.049](+0.020) AndroidPlatformFactory
Timeline.Print:   0.219          [ 0.069](+0.000) HoloLensPlatformFactory
Timeline.Print:   0.219          [ 0.070](+0.005) IOSPlatformFactory
Timeline.Print:   0.225          [ 0.076](+0.005) LinuxPlatformFactory
Timeline.Print:   0.231          [ 0.081](+0.000) LuminPlatformFactory
Timeline.Print:   0.231          [ 0.082](+0.000) WindowsPlatformFactory
Timeline.Print: [ 0.232](+0.569) <unknown>
Timeline.Print: [ 0.801](+0.002) Finding engine modules
Timeline.Print: [ 0.803](+0.004) Finding plugin modules
Timeline.Print: [ 0.807](+0.051) <unknown>
Timeline.Print: [ 0.859](+0.000) Finding program modules
Timeline.Print: [ 0.859](+0.000) Finding program targets
Timeline.Print: [ 0.859](+0.077) <unknown>
Timeline.Print: [ 0.936](+0.000) FileMetadataPrefetch.Stop()
Timeline.Print: [ 0.940]
